<?xml version="1.0" encoding="UTF-8"?>
<!-- Generated by org.testng.reporters.JUnitReportReporter -->
<testsuite hostname="DESKTOP-IF4HBMG" failures="0" tests="1" name="org.example.testcases.SignUp" time="15.774" errors="0" timestamp="2022-05-29T14:03:25 GST" skipped="0">
  <testcase classname="org.example.testcases.SignUp" name="validSignUp" time="15.774"/>
  <system-out/>
</testsuite> <!-- org.example.testcases.SignUp -->
