<?xml version="1.0" encoding="UTF-8"?>
<!-- Generated by org.testng.reporters.JUnitReportReporter -->
<testsuite hostname="DESKTOP-IF4HBMG" failures="0" tests="3" name="org.example.testcases.Cart" time="25.160" errors="0" timestamp="2022-05-29T14:03:25 GST" skipped="0">
  <testcase classname="org.example.testcases.Cart" name="comparecartAttributesAndProceedToCheckout" time="5.527"/>
  <system-out/>
  <testcase classname="org.example.testcases.Cart" name="proceedToCheckOut" time="13.874"/>
  <system-out/>
  <testcase classname="org.example.testcases.Cart" name="proceedToPayByBankWire" time="5.759"/>
  <system-out/>
</testsuite> <!-- org.example.testcases.Cart -->
