<?xml version="1.0" encoding="UTF-8"?>
<!-- Generated by org.testng.reporters.JUnitReportReporter -->
<testsuite hostname="DESKTOP-IF4HBMG" failures="0" tests="2" name="org.example.testcases.Purchase" time="5.079" errors="0" timestamp="2022-05-29T14:03:25 GST" skipped="0">
  <testcase classname="org.example.testcases.Purchase" name="purchasePrintedSummerDress" time="0.336"/>
  <system-out/>
  <testcase classname="org.example.testcases.Purchase" name="selectSizeandQuantityforSummaerDress" time="4.743"/>
  <system-out/>
</testsuite> <!-- org.example.testcases.Purchase -->
