<?xml version="1.0" encoding="UTF-8"?>
<!-- Generated by org.testng.reporters.JUnitReportReporter -->
<testsuite hostname="DESKTOP-IF4HBMG" failures="0" tests="3" name="org.example.testcases.Cart" time="16.920" errors="0" timestamp="2022-05-28T16:42:57 GST" skipped="0">
  <testcase classname="org.example.testcases.Cart" name="comparecartAttributesAndProceedToCheckout" time="3.700"/>
  <system-out/>
  <testcase classname="org.example.testcases.Cart" name="proceedToCheckOut" time="6.192"/>
  <system-out/>
  <testcase classname="org.example.testcases.Cart" name="proceedToPayByBankWire" time="7.028"/>
  <system-out/>
</testsuite> <!-- org.example.testcases.Cart -->
