<?xml version="1.0" encoding="UTF-8"?>
<!-- Generated by org.testng.reporters.JUnitReportReporter -->
<testsuite hostname="DESKTOP-IF4HBMG" failures="0" tests="2" name="org.example.testcases.Login" time="6.792" errors="0" timestamp="2022-05-29T14:03:25 GST" skipped="0">
  <testcase classname="org.example.testcases.Login" name="validateinvalidLogin" time="3.265"/>
  <system-out/>
  <testcase classname="org.example.testcases.Login" name="validLogin" time="3.527"/>
  <system-out/>
</testsuite> <!-- org.example.testcases.Login -->
